TN:
SF:src\js\classAudioPost.js
FN:7,(anonymous_0)
FN:17,(anonymous_1)
FN:18,(anonymous_2)
FNF:3
FNH:3
FNDA:5,(anonymous_0)
FNDA:1,(anonymous_1)
FNDA:1,(anonymous_2)
DA:10,5
DA:13,5
DA:14,5
DA:18,1
DA:19,1
LF:5
LH:5
BRF:0
BRH:0
end_of_record
TN:
SF:src\js\classPost.js
FN:5,(anonymous_0)
FN:21,(anonymous_1)
FN:22,(anonymous_2)
FNF:3
FNH:3
FNDA:22,(anonymous_0)
FNDA:1,(anonymous_1)
FNDA:1,(anonymous_2)
DA:8,22
DA:10,22
DA:12,22
DA:13,22
DA:14,22
DA:15,22
DA:16,22
DA:17,22
DA:18,22
DA:22,1
DA:23,1
LF:11
LH:11
BRF:0
BRH:0
end_of_record
TN:
SF:src\js\classTextPost.js
FN:5,(anonymous_0)
FNF:1
FNH:1
FNDA:2,(anonymous_0)
DA:8,2
DA:12,2
LF:2
LH:2
BRF:0
BRH:0
end_of_record
TN:
SF:src\js\classVideoPost.js
FN:7,(anonymous_0)
FN:18,(anonymous_1)
FN:19,(anonymous_2)
FNF:3
FNH:3
FNDA:9,(anonymous_0)
FNDA:1,(anonymous_1)
FNDA:1,(anonymous_2)
DA:10,9
DA:13,9
DA:14,9
DA:15,9
DA:19,1
DA:20,1
LF:6
LH:6
BRF:0
BRH:0
end_of_record
TN:
SF:src\js\sliders\SelfSwitchingSlider.js
FN:3,SelfSwitchingSlider
FN:7,(anonymous_1)
FNF:2
FNH:2
FNDA:9,SelfSwitchingSlider
FNDA:1,(anonymous_1)
DA:5,9
DA:7,9
DA:8,1
DA:9,1
DA:12,9
DA:14,9
DA:16,9
LF:7
LH:7
BRDA:8,0,0,1
BRDA:8,0,1,0
BRF:2
BRH:1
end_of_record
TN:
SF:src\js\sliders\Slider.js
FN:1,Slider
FN:15,(anonymous_1)
FN:35,(anonymous_2)
FNF:3
FNH:3
FNDA:25,Slider
FNDA:18,(anonymous_1)
FNDA:9,(anonymous_2)
DA:2,25
DA:4,25
DA:5,25
DA:6,25
DA:7,25
DA:8,25
DA:9,25
DA:10,25
DA:12,25
DA:13,25
DA:15,25
DA:16,18
DA:18,18
DA:20,18
DA:23,18
DA:24,6
DA:25,6
DA:26,12
DA:27,9
DA:28,9
DA:32,18
DA:35,25
DA:36,9
DA:38,9
DA:39,3
DA:40,3
DA:43,9
DA:44,2
DA:45,2
DA:48,9
LF:30
LH:30
BRDA:18,0,0,18
BRDA:18,0,1,0
BRDA:23,1,0,6
BRDA:23,1,1,12
BRDA:26,2,0,9
BRDA:26,2,1,3
BRDA:38,3,0,3
BRDA:38,3,1,6
BRDA:43,4,0,2
BRDA:43,4,1,7
BRF:10
BRH:9
end_of_record
TN:
SF:src\js\sliders\ThreeVisibleItemsSlider.js
FN:3,ThreeVisibleItemsSlider
FNF:1
FNH:1
FNDA:8,ThreeVisibleItemsSlider
DA:5,8
DA:7,8
DA:9,8
DA:10,8
DA:11,8
DA:12,8
DA:13,8
DA:15,8
DA:16,8
DA:17,8
DA:18,8
DA:21,8
DA:22,8
DA:23,8
DA:24,8
LF:15
LH:15
BRF:0
BRH:0
end_of_record
